{
  "RSpec": {
    "coverage": {
      "C:/Users/Nicko/Desktop/stack_overflow/spec/features/add_comment_spec.rb": [
        1,
        null,
        1,
        1,
        1,
        1,
        1,
        1,
        1,
        1,
        null,
        1,
        1,
        null,
        1,
        null,
        1,
        null,
        1,
        null,
        null,
        1,
        null,
        0,
        0,
        null,
        null,
        null,
        0,
        null,
        null,
        null,
        null,
        null
      ],
      "C:/Users/Nicko/Desktop/stack_overflow/spec/rails_helper.rb": [
        null,
        1,
        1,
        1,
        null,
        1,
        1,
        1,
        null,
        null,
        null,
        null,
        null,
        null,
        null,
        null,
        null,
        null,
        null,
        null,
        null,
        null,
        null,
        null,
        null,
        null,
        null,
        null,
        1,
        null,
        1,
        null,
        1,
        null,
        null,
        null,
        null,
        1,
        null,
        null,
        null,
        null,
        null,
        null,
        null,
        null,
        null,
        null,
        null,
        null,
        null,
        null,
        1,
        null,
        null,
        1,
        null,
        null,
        null,
        null,
        1,
        1,
        1,
        1,
        null,
        null
      ],
      "C:/Users/Nicko/Desktop/stack_overflow/config/environment.rb": [
        null,
        1,
        null,
        null,
        1
      ],
      "C:/Users/Nicko/Desktop/stack_overflow/config/application.rb": [
        1,
        null,
        1,
        null,
        1,
        1,
        1,
        1,
        1,
        1,
        1,
        1,
        1,
        null,
        null,
        null,
        null,
        1,
        null,
        1,
        1,
        null,
        1,
        null,
        null,
        null,
        null,
        null,
        null,
        null,
        1,
        null,
        null
      ],
      "C:/Users/Nicko/Desktop/stack_overflow/config/boot.rb": [
        1,
        null,
        1,
        1
      ],
      "C:/Users/Nicko/Desktop/stack_overflow/config/environments/test.rb": [
        1,
        null,
        null,
        null,
        null,
        null,
        null,
        1,
        null,
        null,
        null,
        null,
        1,
        null,
        null,
        1,
        1,
        null,
        null,
        null,
        null,
        1,
        1,
        null,
        null,
        1,
        null,
        null,
        1,
        null,
        null,
        1,
        null,
        1,
        null,
        null,
        null,
        null,
        1,
        null,
        null,
        1,
        null,
        null,
        null,
        null
      ],
      "C:/Users/Nicko/Desktop/stack_overflow/config/initializers/application_controller_renderer.rb": [
        null,
        null,
        null,
        null,
        null,
        null,
        null,
        null
      ],
      "C:/Users/Nicko/Desktop/stack_overflow/config/initializers/assets.rb": [
        null,
        null,
        null,
        1,
        null,
        null,
        null,
        null,
        1,
        null,
        null,
        null,
        null,
        null
      ],
      "C:/Users/Nicko/Desktop/stack_overflow/config/initializers/backtrace_silencers.rb": [
        null,
        null,
        null,
        null,
        null,
        null,
        null
      ],
      "C:/Users/Nicko/Desktop/stack_overflow/config/initializers/content_security_policy.rb": [
        null,
        null,
        null,
        null,
        null,
        null,
        null,
        null,
        null,
        null,
        null,
        null,
        null,
        null,
        null,
        null,
        null,
        null,
        null,
        null,
        null,
        null,
        null,
        null,
        null
      ],
      "C:/Users/Nicko/Desktop/stack_overflow/config/initializers/cookies_serializer.rb": [
        null,
        null,
        null,
        null,
        1
      ],
      "C:/Users/Nicko/Desktop/stack_overflow/config/initializers/filter_parameter_logging.rb": [
        null,
        null,
        null,
        1
      ],
      "C:/Users/Nicko/Desktop/stack_overflow/config/initializers/inflections.rb": [
        null,
        null,
        null,
        null,
        null,
        null,
        null,
        null,
        null,
        null,
        null,
        null,
        null,
        null,
        null,
        null
      ],
      "C:/Users/Nicko/Desktop/stack_overflow/config/initializers/mime_types.rb": [
        null,
        null,
        null,
        null
      ],
      "C:/Users/Nicko/Desktop/stack_overflow/config/initializers/wrap_parameters.rb": [
        null,
        null,
        null,
        null,
        null,
        null,
        1,
        2,
        null,
        null,
        null,
        null,
        null,
        null
      ],
      "C:/Users/Nicko/Desktop/stack_overflow/app/channels/application_cable/channel.rb": [
        1,
        1,
        null,
        null
      ],
      "C:/Users/Nicko/Desktop/stack_overflow/app/channels/application_cable/connection.rb": [
        1,
        1,
        null,
        null
      ],
      "C:/Users/Nicko/Desktop/stack_overflow/app/controllers/application_controller.rb": [
        1,
        1,
        1,
        null,
        1,
        18,
        0,
        null,
        null,
        null,
        1,
        4,
        4,
        4,
        null,
        null,
        null,
        null
      ],
      "C:/Users/Nicko/Desktop/stack_overflow/app/helpers/application_helper.rb": [
        1,
        null
      ],
      "C:/Users/Nicko/Desktop/stack_overflow/app/controllers/comments_controller.rb": [
        1,
        1,
        1,
        0,
        null,
        null,
        1,
        0,
        0,
        null,
        null,
        1,
        0,
        0,
        null,
        null,
        1,
        0,
        0,
        0,
        0,
        0,
        null,
        0,
        null,
        null,
        null,
        1,
        0,
        0,
        null,
        null,
        1,
        0,
        0,
        0,
        0,
        null,
        0,
        null,
        null,
        null,
        1,
        0,
        0,
        0,
        0,
        null,
        null,
        1,
        1,
        0,
        null,
        null,
        null
      ],
      "C:/Users/Nicko/Desktop/stack_overflow/app/controllers/posts_controller.rb": [
        1,
        1,
        1,
        6,
        null,
        null,
        1,
        0,
        null,
        null,
        1,
        0,
        0,
        0,
        0,
        null,
        0,
        null,
        null,
        null,
        1,
        2,
        null,
        2,
        null,
        2,
        null,
        null,
        1,
        0,
        null,
        null,
        1,
        0,
        0,
        0,
        0,
        null,
        0,
        null,
        null,
        null,
        1,
        0,
        0,
        0,
        0,
        null,
        null,
        1,
        1,
        0,
        null,
        null
      ],
      "C:/Users/Nicko/Desktop/stack_overflow/app/controllers/sessions_controller.rb": [
        1,
        1,
        2,
        2,
        0,
        0,
        0,
        null,
        2,
        2,
        null,
        null,
        null,
        1,
        0,
        0,
        0,
        null,
        null
      ],
      "C:/Users/Nicko/Desktop/stack_overflow/app/controllers/users_controller.rb": [
        1,
        null,
        1,
        2,
        null,
        null,
        1,
        1,
        1,
        0,
        0,
        0,
        null,
        1,
        1,
        null,
        null,
        null,
        1,
        null,
        1,
        1,
        null,
        null
      ],
      "C:/Users/Nicko/Desktop/stack_overflow/app/jobs/application_job.rb": [
        1,
        null
      ],
      "C:/Users/Nicko/Desktop/stack_overflow/app/mailers/application_mailer.rb": [
        1,
        1,
        1,
        null
      ],
      "C:/Users/Nicko/Desktop/stack_overflow/app/models/application_record.rb": [
        1,
        1,
        null
      ],
      "C:/Users/Nicko/Desktop/stack_overflow/app/models/comment.rb": [
        1,
        1,
        1,
        1,
        null,
        1,
        null
      ],
      "C:/Users/Nicko/Desktop/stack_overflow/app/models/post.rb": [
        1,
        1,
        1,
        1,
        null
      ],
      "C:/Users/Nicko/Desktop/stack_overflow/app/models/user.rb": [
        1,
        1,
        1,
        1,
        1,
        null,
        1,
        0,
        0,
        null,
        null,
        1,
        2,
        2,
        0,
        null,
        null,
        null,
        null,
        null
      ],
      "C:/Users/Nicko/Desktop/stack_overflow/config/routes.rb": [
        1,
        1,
        1,
        1,
        null,
        1,
        1,
        null,
        1,
        1,
        1,
        null
      ],
      "C:/Users/Nicko/Desktop/stack_overflow/spec/features/add_post_error_spec.rb": [
        1,
        null,
        1,
        1,
        1,
        1,
        null,
        1,
        null,
        null,
        1,
        1,
        1,
        1,
        null,
        null,
        null,
        null,
        null,
        null
      ],
      "C:/Users/Nicko/Desktop/stack_overflow/spec/features/create_post_with_acc_spec.rb": [

      ],
      "C:/Users/Nicko/Desktop/stack_overflow/spec/features/login_spec.rb": [
        1,
        null,
        null,
        1,
        1,
        1,
        1,
        1,
        1,
        null,
        null
      ],
      "C:/Users/Nicko/Desktop/stack_overflow/spec/features/sign_up_spec.rb": [
        1,
        null,
        null,
        1,
        1,
        1,
        1,
        1,
        1,
        1,
        null,
        null,
        null,
        null,
        null,
        null,
        null,
        null
      ],
      "C:/Users/Nicko/Desktop/stack_overflow/spec/models/comment_spec.rb": [
        1,
        null,
        1,
        2,
        2,
        2,
        2,
        2,
        null
      ],
      "C:/Users/Nicko/Desktop/stack_overflow/spec/models/post_spec.rb": [
        1,
        null,
        1,
        2,
        2,
        null
      ]
    },
    "timestamp": 1524627241
  }
}
